[0.230s] Invoking command in '/home/chaung/f_ws/build/sllidar_ros2': CMAKE_PREFIX_PATH=${CMAKE_PREFIX_PATH}:/home/chaung/f_ws/install/bno055:/home/chaung/half/install/slam_gmapping:/home/chaung/half/install/bno055:/opt/ros/foxy /usr/bin/cmake --build /home/chaung/f_ws/build/sllidar_ros2 -- -j12 -l12
[0.307s] [ 14%] Built target sllidar_client
[0.307s] [ 21%] [32mBuilding CXX object CMakeFiles/sllidar_node.dir/src/sllidar_node.cpp.o[0m
[1.420s] In file included from [01m[K/home/chaung/f_ws/src/sllidar_ros2/./sdk/include/sl_lidar_cmd.h:36[m[K,
[1.421s]                  from [01m[K/home/chaung/f_ws/src/sllidar_ros2/./sdk/include/sl_lidar_driver.h:54[m[K,
[1.421s]                  from [01m[K/home/chaung/f_ws/src/sllidar_ros2/./sdk/include/sl_lidar.h:36[m[K,
[1.421s]                  from [01m[K/home/chaung/f_ws/src/sllidar_ros2/src/sllidar_node.cpp:38[m[K:
[1.421s] [01m[K/home/chaung/f_ws/src/sllidar_ros2/./sdk/include/sl_lidar_protocol.h:58:16:[m[K [01;35m[Kwarning: [m[KISO C++ forbids zero-size array â€˜[01m[Kdata[m[Kâ€™ [[01;35m[K-Wpedantic[m[K]
[1.421s]    58 |     sl_u8 data[[01;35m[K0[m[K];
[1.421s]       |                [01;35m[K^[m[K
[1.421s] In file included from [01m[K/home/chaung/f_ws/src/sllidar_ros2/./sdk/include/sl_lidar_driver.h:54[m[K,
[1.421s]                  from [01m[K/home/chaung/f_ws/src/sllidar_ros2/./sdk/include/sl_lidar.h:36[m[K,
[1.421s]                  from [01m[K/home/chaung/f_ws/src/sllidar_ros2/src/sllidar_node.cpp:38[m[K:
[1.422s] [01m[K/home/chaung/f_ws/src/sllidar_ros2/./sdk/include/sl_lidar_cmd.h:295:20:[m[K [01;35m[Kwarning: [m[KISO C++ forbids zero-size array â€˜[01m[Kpayload[m[Kâ€™ [[01;35m[K-Wpedantic[m[K]
[1.422s]   295 |     sl_u8  payload[[01;35m[K0[m[K];
[1.422s]       |                    [01;35m[K^[m[K
[1.427s] [01m[K/home/chaung/f_ws/src/sllidar_ros2/src/sllidar_node.cpp:437:6:[m[K [01;31m[Kerror: [m[Kexpected unqualified-id before â€˜[01m[K.[m[Kâ€™ token
[1.428s]   437 |     }[01;31m[K.[m[Kangle_increment
[1.428s]       |      [01;31m[K^[m[K
[1.437s] [01m[K/home/chaung/f_ws/src/sllidar_ros2/src/sllidar_node.cpp:[m[K In constructor â€˜[01m[KSLlidarNode::SLlidarNode()[m[Kâ€™:
[1.437s] [01m[K/home/chaung/f_ws/src/sllidar_ros2/src/sllidar_node.cpp:62:7:[m[K [01;31m[Kerror: [m[Kâ€˜[01m[Kscan_pub[m[Kâ€™ was not declared in this scope
[1.437s]    62 |       [01;31m[Kscan_pub[m[K = this->create_publisher<sensor_msgs::msg::LaserScan>("scan", rclcpp::QoS(rclcpp::KeepLast(10)));
[1.437s]       |       [01;31m[K^~~~~~~~[m[K
[1.495s] [01m[K/home/chaung/f_ws/src/sllidar_ros2/src/sllidar_node.cpp:[m[K In member function â€˜[01m[Kint SLlidarNode::work_loop()[m[Kâ€™:
[1.496s] [01m[K/home/chaung/f_ws/src/sllidar_ros2/src/sllidar_node.cpp:390:38:[m[K [01;31m[Kerror: [m[Kâ€˜[01m[Kscan_pub[m[Kâ€™ was not declared in this scope
[1.496s]   390 |                         publish_scan([01;31m[Kscan_pub[m[K, angle_compensate_nodes, angle_compensate_nodes_count,
[1.496s]       |                                      [01;31m[K^~~~~~~~[m[K
[1.499s] [01m[K/home/chaung/f_ws/src/sllidar_ros2/src/sllidar_node.cpp:412:38:[m[K [01;31m[Kerror: [m[Kâ€˜[01m[Kscan_pub[m[Kâ€™ was not declared in this scope
[1.499s]   412 |                         publish_scan([01;31m[Kscan_pub[m[K, &nodes[start_node], end_node-start_node +1,
[1.499s]       |                                      [01;31m[K^~~~~~~~[m[K
[1.502s] [01m[K/home/chaung/f_ws/src/sllidar_ros2/src/sllidar_node.cpp:421:34:[m[K [01;31m[Kerror: [m[Kâ€˜[01m[Kscan_pub[m[Kâ€™ was not declared in this scope
[1.502s]   421 |                     publish_scan([01;31m[Kscan_pub[m[K, nodes, count,
[1.502s]       |                                  [01;31m[K^~~~~~~~[m[K
[2.779s] [01m[K/home/chaung/f_ws/src/sllidar_ros2/src/sllidar_node.cpp:[m[K In member function â€˜[01m[Kbool SLlidarNode::checkSLLIDARHealth(sl::ILidarDriver*)[m[Kâ€™:
[2.779s] [01m[K/home/chaung/f_ws/src/sllidar_ros2/src/sllidar_node.cpp:147:5:[m[K [01;35m[Kwarning: [m[Kcontrol reaches end of non-void function [[01;35m[K-Wreturn-type[m[K]
[2.779s]   147 |     [01;35m[K}[m[K
[2.779s]       |     [01;35m[K^[m[K
[2.833s] make[2]: *** [CMakeFiles/sllidar_node.dir/build.make:63ï¼šCMakeFiles/sllidar_node.dir/src/sllidar_node.cpp.o] éŒ¯èª¤ 1
[2.833s] make[1]: *** [CMakeFiles/Makefile2:80ï¼šCMakeFiles/sllidar_node.dir/all] éŒ¯èª¤ 2
[2.833s] make: *** [Makefile:141ï¼šall] éŒ¯èª¤ 2
[2.838s] Invoked command in '/home/chaung/f_ws/build/sllidar_ros2' returned '2': CMAKE_PREFIX_PATH=${CMAKE_PREFIX_PATH}:/home/chaung/f_ws/install/bno055:/home/chaung/half/install/slam_gmapping:/home/chaung/half/install/bno055:/opt/ros/foxy /usr/bin/cmake --build /home/chaung/f_ws/build/sllidar_ros2 -- -j12 -l12
